<?xml version="1.0" encoding="UTF-8"?>
<!-- Generated by org.testng.reporters.JUnitXMLReporter -->
<testsuite ignored="0" hostname="LAPTOP-4UCTG595" failures="1" tests="1" name="chromeTest" time="18.752" errors="0" timestamp="2024-08-23T16:27:12 JST">
  <testcase classname="testCases.TC_001_AccountRegisterTest" name="createAccount" time="10.356">
    <failure type="java.lang.AssertionError" message="null">
      <![CDATA[java.lang.AssertionError: null
at testCases.TC_001_AccountRegisterTest.createAccount(TC_001_AccountRegisterTest.java:44)
at java.base/java.util.ArrayList.forEach(ArrayList.java:1596)
... Removed 27 stack frames]]>
    </failure>
  </testcase> <!-- createAccount -->
</testsuite> <!-- chromeTest -->
