<?xml version="1.0" encoding="UTF-8"?>
<!-- Generated by org.testng.reporters.JUnitXMLReporter -->
<testsuite ignored="1" hostname="LAPTOP-4UCTG595" failures="3" tests="5" name="GroupingTest" time="64.59" errors="0" timestamp="2024-08-31T23:43:54 JST">
  <testcase classname="testCases.TC_001_AccountRegisterTest" name="createAccount" time="4.539"/>
  <testcase classname="testCases.TC_003_LoginTest" name="verify_Login" time="3.695"/>
  <testcase classname="testCases.TC_008_CartPageTest" name="addingProductToCart" time="8.3">
    <failure type="java.lang.AssertionError" message="null">
      <![CDATA[java.lang.AssertionError: null
at testCases.TC_008_CartPageTest.addingProductToCart(TC_008_CartPageTest.java:62)
at java.base/java.util.ArrayList.forEach(ArrayList.java:1596)
... Removed 27 stack frames]]>
    </failure>
  </testcase> <!-- addingProductToCart -->
  <testcase classname="testCases.TC_009_CheckoutPageTest" name="verifyCheckOutPage" time="10.062">
    <failure type="java.lang.AssertionError" message="null">
      <![CDATA[java.lang.AssertionError: null
at testCases.TC_009_CheckoutPageTest.verifyCheckOutPage(TC_009_CheckoutPageTest.java:34)
at java.base/java.util.ArrayList.forEach(ArrayList.java:1596)
... Removed 27 stack frames]]>
    </failure>
  </testcase> <!-- verifyCheckOutPage -->
  <testcase classname="testCases.TC_0010_ConfirmOrderPageTest" name="verifyConfirmOrder" time="10.037">
    <failure type="java.lang.AssertionError" message="null">
      <![CDATA[java.lang.AssertionError: null
at testCases.TC_0010_ConfirmOrderPageTest.verifyConfirmOrder(TC_0010_ConfirmOrderPageTest.java:28)
at java.base/java.util.ArrayList.forEach(ArrayList.java:1596)
... Removed 27 stack frames]]>
    </failure>
  </testcase> <!-- verifyConfirmOrder -->
  <testcase classname="testCases.TC_008_CartPageTest" name="verifyAddToCartProduct" time="0.0">
    <ignored/>
  </testcase> <!-- verifyAddToCartProduct -->
</testsuite> <!-- GroupingTest -->
