<?xml version="1.0" encoding="UTF-8"?>
<!-- Generated by org.testng.reporters.JUnitXMLReporter -->
<testsuite ignored="0" hostname="LAPTOP-4UCTG595" failures="1" tests="1" name="Test" time="43.833" errors="0" timestamp="2024-09-05T15:37:48 JST">
  <testcase classname="testCases.TC_0011_EndToEndTest" name="EndToEndTest" time="35.976">
    <failure type="org.openqa.selenium.UnhandledAlertException" message="unexpected alert open: {Alert text : SyntaxError: Unexpected token &amp;apos;&amp;lt;&amp;apos;, &amp;quot;&amp;lt;b&amp;gt;Notice&amp;lt;&amp;quot;... is not valid JSON
OK
&amp;lt;b&amp;gt;Notice&amp;lt;/b&amp;gt;: Undefined index: payment_method in &amp;lt;b&amp;gt;/var/www/html/oc/catalog/controller/extension/maza/checkout.php&amp;lt;/b&amp;gt; on line &amp;lt;b&amp;gt;699&amp;lt;/b&amp;gt;{&amp;quot;error&amp;quot;:{&amp;quot;warning&amp;quot;:&amp;quot;Warning: Payment method required!&amp;quot;}}}
  (Session info: chrome=128.0.6613.115): SyntaxError: Unexpected token &amp;apos;&amp;lt;&amp;apos;, &amp;quot;&amp;lt;b&amp;gt;Notice&amp;lt;&amp;quot;... is not valid JSON
OK
&amp;lt;b&amp;gt;Notice&amp;lt;/b&amp;gt;: Undefined index: payment_method in &amp;lt;b&amp;gt;/var/www/html/oc/catalog/controller/extension/maza/checkout.php&amp;lt;/b&amp;gt; on line &amp;lt;b&amp;gt;699&amp;lt;/b&amp;gt;{&amp;quot;error&amp;quot;:{&amp;quot;warning&amp;quot;:&amp;quot;Warning: Payment method required!&amp;quot;}}
Build info: version: &amp;apos;4.19.1&amp;apos;, revision: &amp;apos;abe0ee07dc&amp;apos;
System info: os.name: &amp;apos;Windows 10&amp;apos;, os.arch: &amp;apos;amd64&amp;apos;, os.version: &amp;apos;10.0&amp;apos;, java.version: &amp;apos;21.0.2&amp;apos;
Driver info: org.openqa.selenium.chrome.ChromeDriver
Command: [32913f441a3670869c3eae20875383b6, findElement {using=xpath, value=//button[normalize-space()=&amp;apos;Confirm Order&amp;apos;]}]
Capabilities {acceptInsecureCerts: false, browserName: chrome, browserVersion: 128.0.6613.115, chrome: {chromedriverVersion: 128.0.6613.119 (6e439cfca4d..., userDataDir: C:\Users\miahm\AppData\Loca...}, fedcm:accounts: true, goog:chromeOptions: {debuggerAddress: localhost:51512}, networkConnectionEnabled: false, pageLoadStrategy: normal, platformName: windows, proxy: Proxy(), se:cdp: ws://localhost:51512/devtoo..., se:cdpVersion: 128.0.6613.115, setWindowRect: true, strictFileInteractability: false, timeouts: {implicit: 0, pageLoad: 300000, script: 30000}, unhandledPromptBehavior: dismiss and notify, webauthn:extension:credBlob: true, webauthn:extension:largeBlob: true, webauthn:extension:minPinLength: true, webauthn:extension:prf: true, webauthn:virtualAuthenticators: true}
Session ID: 32913f441a3670869c3eae20875383b6">
      <![CDATA[org.openqa.selenium.UnhandledAlertException: unexpected alert open: {Alert text : SyntaxError: Unexpected token '<', "<b>Notice<"... is not valid JSON
OK
<b>Notice</b>: Undefined index: payment_method in <b>/var/www/html/oc/catalog/controller/extension/maza/checkout.php</b> on line <b>699</b>{"error":{"warning":"Warning: Payment method required!"}}}
  (Session info: chrome=128.0.6613.115): SyntaxError: Unexpected token '<', "<b>Notice<"... is not valid JSON
OK
<b>Notice</b>: Undefined index: payment_method in <b>/var/www/html/oc/catalog/controller/extension/maza/checkout.php</b> on line <b>699</b>{"error":{"warning":"Warning: Payment method required!"}}
Build info: version: '4.19.1', revision: 'abe0ee07dc'
System info: os.name: 'Windows 10', os.arch: 'amd64', os.version: '10.0', java.version: '21.0.2'
Driver info: org.openqa.selenium.chrome.ChromeDriver
Command: [32913f441a3670869c3eae20875383b6, findElement {using=xpath, value=//button[normalize-space()='Confirm Order']}]
Capabilities {acceptInsecureCerts: false, browserName: chrome, browserVersion: 128.0.6613.115, chrome: {chromedriverVersion: 128.0.6613.119 (6e439cfca4d..., userDataDir: C:\Users\miahm\AppData\Loca...}, fedcm:accounts: true, goog:chromeOptions: {debuggerAddress: localhost:51512}, networkConnectionEnabled: false, pageLoadStrategy: normal, platformName: windows, proxy: Proxy(), se:cdp: ws://localhost:51512/devtoo..., se:cdpVersion: 128.0.6613.115, setWindowRect: true, strictFileInteractability: false, timeouts: {implicit: 0, pageLoad: 300000, script: 30000}, unhandledPromptBehavior: dismiss and notify, webauthn:extension:credBlob: true, webauthn:extension:largeBlob: true, webauthn:extension:minPinLength: true, webauthn:extension:prf: true, webauthn:virtualAuthenticators: true}
Session ID: 32913f441a3670869c3eae20875383b6
at org.openqa.selenium.remote.codec.w3c.W3CHttpResponseCodec.decode(W3CHttpResponseCodec.java:136)
at org.openqa.selenium.remote.codec.w3c.W3CHttpResponseCodec.decode(W3CHttpResponseCodec.java:50)
at org.openqa.selenium.remote.HttpCommandExecutor.execute(HttpCommandExecutor.java:190)
at org.openqa.selenium.remote.service.DriverCommandExecutor.invokeExecute(DriverCommandExecutor.java:216)
at org.openqa.selenium.remote.service.DriverCommandExecutor.execute(DriverCommandExecutor.java:174)
at org.openqa.selenium.remote.RemoteWebDriver.execute(RemoteWebDriver.java:518)
at org.openqa.selenium.remote.ElementLocation$ElementFinder$2.findElement(ElementLocation.java:165)
at org.openqa.selenium.remote.ElementLocation.findElement(ElementLocation.java:59)
at org.openqa.selenium.remote.RemoteWebDriver.findElement(RemoteWebDriver.java:355)
at org.openqa.selenium.remote.RemoteWebDriver.findElement(RemoteWebDriver.java:349)
at org.openqa.selenium.support.pagefactory.DefaultElementLocator.findElement(DefaultElementLocator.java:68)
at org.openqa.selenium.support.pagefactory.internal.LocatingElementHandler.invoke(LocatingElementHandler.java:38)
at jdk.proxy2/jdk.proxy2.$Proxy27.click(Unknown Source)
at pageObjects.OrderConfirmPage.clickConfirmBtn(OrderConfirmPage.java:36)
at testCases.TC_0011_EndToEndTest.EndToEndTest(TC_0011_EndToEndTest.java:75)
at java.base/java.util.ArrayList.forEach(ArrayList.java:1596)
... Removed 29 stack frames]]>
    </failure>
  </testcase> <!-- EndToEndTest -->
</testsuite> <!-- Test -->
