<?xml version="1.0" encoding="UTF-8"?>
<testng-results ignored="1" total="6" passed="2" failed="3" skipped="0">
  <reporter-output>
  </reporter-output>
  <suite started-at="2024-08-31T23:42:49 JST" name="GroupingSuite" finished-at="2024-08-31T23:43:54 JST" duration-ms="64590">
    <groups>
      <group name="Master">
        <method signature="TC_0010_ConfirmOrderPageTest.verifyConfirmOrder()[pri:5, instance:testCases.TC_0010_ConfirmOrderPageTest@1bd4fdd]" name="verifyConfirmOrder" class="testCases.TC_0010_ConfirmOrderPageTest"/>
        <method signature="TC_001_AccountRegisterTest.createAccount()[pri:1, instance:testCases.TC_001_AccountRegisterTest@6069db50]" name="createAccount" class="testCases.TC_001_AccountRegisterTest"/>
        <method signature="TC_003_LoginTest.verify_Login()[pri:2, instance:testCases.TC_003_LoginTest@2f9f7dcf]" name="verify_Login" class="testCases.TC_003_LoginTest"/>
        <method signature="TC_008_CartPageTest.addingProductToCart()[pri:3, instance:testCases.TC_008_CartPageTest@747ddf94]" name="addingProductToCart" class="testCases.TC_008_CartPageTest"/>
        <method signature="TC_009_CheckoutPageTest.verifyCheckOutPage()[pri:4, instance:testCases.TC_009_CheckoutPageTest@35e2d654]" name="verifyCheckOutPage" class="testCases.TC_009_CheckoutPageTest"/>
      </group> <!-- Master -->
      <group name="Sanity">
        <method signature="TC_0010_ConfirmOrderPageTest.verifyConfirmOrder()[pri:5, instance:testCases.TC_0010_ConfirmOrderPageTest@1bd4fdd]" name="verifyConfirmOrder" class="testCases.TC_0010_ConfirmOrderPageTest"/>
        <method signature="TC_003_LoginTest.verify_Login()[pri:2, instance:testCases.TC_003_LoginTest@2f9f7dcf]" name="verify_Login" class="testCases.TC_003_LoginTest"/>
        <method signature="TC_009_CheckoutPageTest.verifyCheckOutPage()[pri:4, instance:testCases.TC_009_CheckoutPageTest@35e2d654]" name="verifyCheckOutPage" class="testCases.TC_009_CheckoutPageTest"/>
      </group> <!-- Sanity -->
      <group name="Regression">
        <method signature="TC_001_AccountRegisterTest.createAccount()[pri:1, instance:testCases.TC_001_AccountRegisterTest@6069db50]" name="createAccount" class="testCases.TC_001_AccountRegisterTest"/>
      </group> <!-- Regression -->
      <group name="E2E">
        <method signature="TC_0010_ConfirmOrderPageTest.verifyConfirmOrder()[pri:5, instance:testCases.TC_0010_ConfirmOrderPageTest@1bd4fdd]" name="verifyConfirmOrder" class="testCases.TC_0010_ConfirmOrderPageTest"/>
        <method signature="TC_001_AccountRegisterTest.createAccount()[pri:1, instance:testCases.TC_001_AccountRegisterTest@6069db50]" name="createAccount" class="testCases.TC_001_AccountRegisterTest"/>
        <method signature="TC_003_LoginTest.verify_Login()[pri:2, instance:testCases.TC_003_LoginTest@2f9f7dcf]" name="verify_Login" class="testCases.TC_003_LoginTest"/>
        <method signature="TC_008_CartPageTest.addingProductToCart()[pri:3, instance:testCases.TC_008_CartPageTest@747ddf94]" name="addingProductToCart" class="testCases.TC_008_CartPageTest"/>
        <method signature="TC_009_CheckoutPageTest.verifyCheckOutPage()[pri:4, instance:testCases.TC_009_CheckoutPageTest@35e2d654]" name="verifyCheckOutPage" class="testCases.TC_009_CheckoutPageTest"/>
      </group> <!-- E2E -->
      <group name="Smoke">
        <method signature="TC_008_CartPageTest.addingProductToCart()[pri:3, instance:testCases.TC_008_CartPageTest@747ddf94]" name="addingProductToCart" class="testCases.TC_008_CartPageTest"/>
      </group> <!-- Smoke -->
    </groups>
    <test started-at="2024-08-31T23:42:49 JST" name="GroupingTest" finished-at="2024-08-31T23:43:54 JST" duration-ms="64590">
      <class name="testCases.TC_001_AccountRegisterTest">
        <test-method is-config="true" signature="setup(java.lang.String,java.lang.String)[pri:0, instance:testCases.TC_001_AccountRegisterTest@6069db50]" started-at="2024-08-31T23:42:49 JST" name="setup" finished-at="2024-08-31T23:42:56 JST" duration-ms="6593" status="PASS">
          <params>
            <param index="0">
              <value>
                <![CDATA[Windows]]>
              </value>
            </param>
            <param index="1">
              <value>
                <![CDATA[chrome]]>
              </value>
            </param>
          </params>
          <reporter-output>
          </reporter-output>
        </test-method> <!-- setup -->
        <test-method signature="createAccount()[pri:1, instance:testCases.TC_001_AccountRegisterTest@6069db50]" started-at="2024-08-31T23:42:56 JST" name="createAccount" finished-at="2024-08-31T23:43:01 JST" duration-ms="4539" status="PASS">
          <reporter-output>
          </reporter-output>
        </test-method> <!-- createAccount -->
      </class> <!-- testCases.TC_001_AccountRegisterTest -->
      <class name="testCases.TC_0010_ConfirmOrderPageTest">
        <test-method is-config="true" signature="setup(java.lang.String,java.lang.String)[pri:0, instance:testCases.TC_0010_ConfirmOrderPageTest@1bd4fdd]" started-at="2024-08-31T23:43:38 JST" name="setup" finished-at="2024-08-31T23:43:43 JST" duration-ms="5313" status="PASS">
          <params>
            <param index="0">
              <value>
                <![CDATA[Windows]]>
              </value>
            </param>
            <param index="1">
              <value>
                <![CDATA[chrome]]>
              </value>
            </param>
          </params>
          <reporter-output>
          </reporter-output>
        </test-method> <!-- setup -->
        <test-method signature="verifyConfirmOrder()[pri:5, instance:testCases.TC_0010_ConfirmOrderPageTest@1bd4fdd]" started-at="2024-08-31T23:43:43 JST" name="verifyConfirmOrder" finished-at="2024-08-31T23:43:53 JST" duration-ms="10037" status="FAIL">
          <exception class="java.lang.AssertionError">
            <message>
              <![CDATA[null]]>
            </message>
            <full-stacktrace>
              <![CDATA[java.lang.AssertionError: null
at org.testng.Assert.fail(Assert.java:99)
at org.testng.Assert.fail(Assert.java:106)
at testCases.TC_0010_ConfirmOrderPageTest.verifyConfirmOrder(TC_0010_ConfirmOrderPageTest.java:28)
at java.base/jdk.internal.reflect.DirectMethodHandleAccessor.invoke(DirectMethodHandleAccessor.java:103)
at java.base/java.lang.reflect.Method.invoke(Method.java:580)
at org.testng.internal.MethodInvocationHelper.invokeMethod(MethodInvocationHelper.java:133)
at org.testng.internal.TestInvoker.invokeMethod(TestInvoker.java:598)
at org.testng.internal.TestInvoker.invokeTestMethod(TestInvoker.java:173)
at org.testng.internal.MethodRunner.runInSequence(MethodRunner.java:46)
at org.testng.internal.TestInvoker$MethodInvocationAgent.invoke(TestInvoker.java:824)
at org.testng.internal.TestInvoker.invokeTestMethods(TestInvoker.java:146)
at org.testng.internal.TestMethodWorker.invokeTestMethods(TestMethodWorker.java:146)
at org.testng.internal.TestMethodWorker.run(TestMethodWorker.java:128)
at java.base/java.util.ArrayList.forEach(ArrayList.java:1596)
at org.testng.TestRunner.privateRun(TestRunner.java:794)
at org.testng.TestRunner.run(TestRunner.java:596)
at org.testng.SuiteRunner.runTest(SuiteRunner.java:377)
at org.testng.SuiteRunner.runSequentially(SuiteRunner.java:371)
at org.testng.SuiteRunner.privateRun(SuiteRunner.java:332)
at org.testng.SuiteRunner.run(SuiteRunner.java:276)
at org.testng.SuiteRunnerWorker.runSuite(SuiteRunnerWorker.java:53)
at org.testng.SuiteRunnerWorker.run(SuiteRunnerWorker.java:96)
at org.testng.TestNG.runSuitesSequentially(TestNG.java:1212)
at org.testng.TestNG.runSuitesLocally(TestNG.java:1134)
at org.testng.TestNG.runSuites(TestNG.java:1063)
at org.testng.TestNG.run(TestNG.java:1031)
at org.testng.remote.AbstractRemoteTestNG.run(AbstractRemoteTestNG.java:115)
at org.testng.remote.RemoteTestNG.initAndRun(RemoteTestNG.java:293)
at org.testng.remote.RemoteTestNG.main(RemoteTestNG.java:91)
]]>
            </full-stacktrace>
          </exception> <!-- java.lang.AssertionError -->
          <reporter-output>
          </reporter-output>
        </test-method> <!-- verifyConfirmOrder -->
      </class> <!-- testCases.TC_0010_ConfirmOrderPageTest -->
      <class name="testCases.TC_003_LoginTest">
        <test-method is-config="true" signature="setup(java.lang.String,java.lang.String)[pri:0, instance:testCases.TC_003_LoginTest@2f9f7dcf]" started-at="2024-08-31T23:43:01 JST" name="setup" finished-at="2024-08-31T23:43:05 JST" duration-ms="4444" status="PASS">
          <params>
            <param index="0">
              <value>
                <![CDATA[Windows]]>
              </value>
            </param>
            <param index="1">
              <value>
                <![CDATA[chrome]]>
              </value>
            </param>
          </params>
          <reporter-output>
          </reporter-output>
        </test-method> <!-- setup -->
        <test-method signature="verify_Login()[pri:2, instance:testCases.TC_003_LoginTest@2f9f7dcf]" started-at="2024-08-31T23:43:05 JST" name="verify_Login" finished-at="2024-08-31T23:43:09 JST" duration-ms="3695" status="PASS">
          <reporter-output>
          </reporter-output>
        </test-method> <!-- verify_Login -->
      </class> <!-- testCases.TC_003_LoginTest -->
      <class name="testCases.TC_008_CartPageTest">
        <test-method is-config="true" signature="setup(java.lang.String,java.lang.String)[pri:0, instance:testCases.TC_008_CartPageTest@747ddf94]" started-at="2024-08-31T23:43:09 JST" name="setup" finished-at="2024-08-31T23:43:13 JST" duration-ms="4544" status="PASS">
          <params>
            <param index="0">
              <value>
                <![CDATA[Windows]]>
              </value>
            </param>
            <param index="1">
              <value>
                <![CDATA[chrome]]>
              </value>
            </param>
          </params>
          <reporter-output>
          </reporter-output>
        </test-method> <!-- setup -->
        <test-method signature="addingProductToCart()[pri:3, instance:testCases.TC_008_CartPageTest@747ddf94]" started-at="2024-08-31T23:43:13 JST" name="addingProductToCart" finished-at="2024-08-31T23:43:22 JST" duration-ms="8300" status="FAIL">
          <exception class="java.lang.AssertionError">
            <message>
              <![CDATA[null]]>
            </message>
            <full-stacktrace>
              <![CDATA[java.lang.AssertionError: null
at org.testng.Assert.fail(Assert.java:99)
at org.testng.Assert.fail(Assert.java:106)
at testCases.TC_008_CartPageTest.addingProductToCart(TC_008_CartPageTest.java:62)
at java.base/jdk.internal.reflect.DirectMethodHandleAccessor.invoke(DirectMethodHandleAccessor.java:103)
at java.base/java.lang.reflect.Method.invoke(Method.java:580)
at org.testng.internal.MethodInvocationHelper.invokeMethod(MethodInvocationHelper.java:133)
at org.testng.internal.TestInvoker.invokeMethod(TestInvoker.java:598)
at org.testng.internal.TestInvoker.invokeTestMethod(TestInvoker.java:173)
at org.testng.internal.MethodRunner.runInSequence(MethodRunner.java:46)
at org.testng.internal.TestInvoker$MethodInvocationAgent.invoke(TestInvoker.java:824)
at org.testng.internal.TestInvoker.invokeTestMethods(TestInvoker.java:146)
at org.testng.internal.TestMethodWorker.invokeTestMethods(TestMethodWorker.java:146)
at org.testng.internal.TestMethodWorker.run(TestMethodWorker.java:128)
at java.base/java.util.ArrayList.forEach(ArrayList.java:1596)
at org.testng.TestRunner.privateRun(TestRunner.java:794)
at org.testng.TestRunner.run(TestRunner.java:596)
at org.testng.SuiteRunner.runTest(SuiteRunner.java:377)
at org.testng.SuiteRunner.runSequentially(SuiteRunner.java:371)
at org.testng.SuiteRunner.privateRun(SuiteRunner.java:332)
at org.testng.SuiteRunner.run(SuiteRunner.java:276)
at org.testng.SuiteRunnerWorker.runSuite(SuiteRunnerWorker.java:53)
at org.testng.SuiteRunnerWorker.run(SuiteRunnerWorker.java:96)
at org.testng.TestNG.runSuitesSequentially(TestNG.java:1212)
at org.testng.TestNG.runSuitesLocally(TestNG.java:1134)
at org.testng.TestNG.runSuites(TestNG.java:1063)
at org.testng.TestNG.run(TestNG.java:1031)
at org.testng.remote.AbstractRemoteTestNG.run(AbstractRemoteTestNG.java:115)
at org.testng.remote.RemoteTestNG.initAndRun(RemoteTestNG.java:293)
at org.testng.remote.RemoteTestNG.main(RemoteTestNG.java:91)
]]>
            </full-stacktrace>
          </exception> <!-- java.lang.AssertionError -->
          <reporter-output>
          </reporter-output>
        </test-method> <!-- addingProductToCart -->
      </class> <!-- testCases.TC_008_CartPageTest -->
      <class name="testCases.TC_009_CheckoutPageTest">
        <test-method is-config="true" signature="setup(java.lang.String,java.lang.String)[pri:0, instance:testCases.TC_009_CheckoutPageTest@35e2d654]" started-at="2024-08-31T23:43:22 JST" name="setup" finished-at="2024-08-31T23:43:27 JST" duration-ms="5215" status="PASS">
          <params>
            <param index="0">
              <value>
                <![CDATA[Windows]]>
              </value>
            </param>
            <param index="1">
              <value>
                <![CDATA[chrome]]>
              </value>
            </param>
          </params>
          <reporter-output>
          </reporter-output>
        </test-method> <!-- setup -->
        <test-method signature="verifyCheckOutPage()[pri:4, instance:testCases.TC_009_CheckoutPageTest@35e2d654]" started-at="2024-08-31T23:43:27 JST" name="verifyCheckOutPage" finished-at="2024-08-31T23:43:37 JST" duration-ms="10062" status="FAIL">
          <exception class="java.lang.AssertionError">
            <message>
              <![CDATA[null]]>
            </message>
            <full-stacktrace>
              <![CDATA[java.lang.AssertionError: null
at org.testng.Assert.fail(Assert.java:99)
at org.testng.Assert.fail(Assert.java:106)
at testCases.TC_009_CheckoutPageTest.verifyCheckOutPage(TC_009_CheckoutPageTest.java:34)
at java.base/jdk.internal.reflect.DirectMethodHandleAccessor.invoke(DirectMethodHandleAccessor.java:103)
at java.base/java.lang.reflect.Method.invoke(Method.java:580)
at org.testng.internal.MethodInvocationHelper.invokeMethod(MethodInvocationHelper.java:133)
at org.testng.internal.TestInvoker.invokeMethod(TestInvoker.java:598)
at org.testng.internal.TestInvoker.invokeTestMethod(TestInvoker.java:173)
at org.testng.internal.MethodRunner.runInSequence(MethodRunner.java:46)
at org.testng.internal.TestInvoker$MethodInvocationAgent.invoke(TestInvoker.java:824)
at org.testng.internal.TestInvoker.invokeTestMethods(TestInvoker.java:146)
at org.testng.internal.TestMethodWorker.invokeTestMethods(TestMethodWorker.java:146)
at org.testng.internal.TestMethodWorker.run(TestMethodWorker.java:128)
at java.base/java.util.ArrayList.forEach(ArrayList.java:1596)
at org.testng.TestRunner.privateRun(TestRunner.java:794)
at org.testng.TestRunner.run(TestRunner.java:596)
at org.testng.SuiteRunner.runTest(SuiteRunner.java:377)
at org.testng.SuiteRunner.runSequentially(SuiteRunner.java:371)
at org.testng.SuiteRunner.privateRun(SuiteRunner.java:332)
at org.testng.SuiteRunner.run(SuiteRunner.java:276)
at org.testng.SuiteRunnerWorker.runSuite(SuiteRunnerWorker.java:53)
at org.testng.SuiteRunnerWorker.run(SuiteRunnerWorker.java:96)
at org.testng.TestNG.runSuitesSequentially(TestNG.java:1212)
at org.testng.TestNG.runSuitesLocally(TestNG.java:1134)
at org.testng.TestNG.runSuites(TestNG.java:1063)
at org.testng.TestNG.run(TestNG.java:1031)
at org.testng.remote.AbstractRemoteTestNG.run(AbstractRemoteTestNG.java:115)
at org.testng.remote.RemoteTestNG.initAndRun(RemoteTestNG.java:293)
at org.testng.remote.RemoteTestNG.main(RemoteTestNG.java:91)
]]>
            </full-stacktrace>
          </exception> <!-- java.lang.AssertionError -->
          <reporter-output>
          </reporter-output>
        </test-method> <!-- verifyCheckOutPage -->
      </class> <!-- testCases.TC_009_CheckoutPageTest -->
    </test> <!-- GroupingTest -->
  </suite> <!-- GroupingSuite -->
</testng-results>
